[2023-11-27 08:46:39.039][INFO ][org.hibernate.validator.internal.util.Version][background-preinit][21]HV000001: Hibernate Validator 6.0.21.Final
[2023-11-27 08:46:39.039][INFO ][org.springframework.boot.StartupInfoLogger][restartedMain][55]Starting BinarfudV2Application using Java 1.8.0_381 on Hanifs-MacBook-Air.local with PID 2884 (/Users/hnfabd/Documents/synrgy academy/chapter 6/binarfud-v2/target/classes started by hnfabd in /Users/hnfabd/Documents/synrgy academy/chapter 6/binarfud-v2)
[2023-11-27 08:46:39.039][INFO ][org.springframework.boot.SpringApplication][restartedMain][637]The following 1 profile is active: "prod"
[2023-11-27 08:46:39.039][INFO ][org.springframework.boot.logging.DeferredLog][restartedMain][255]Devtools property defaults active! Set 'spring.devtools.add-properties' to 'false' to disable
[2023-11-27 08:46:39.039][INFO ][org.springframework.boot.logging.DeferredLog][restartedMain][255]For additional web related logging consider setting the 'logging.level.web' property to 'DEBUG'
[2023-11-27 08:46:41.041][INFO ][org.springframework.data.repository.config.RepositoryConfigurationDelegate][restartedMain][132]Bootstrapping Spring Data JPA repositories in DEFAULT mode.
[2023-11-27 08:46:41.041][INFO ][org.springframework.data.repository.config.RepositoryConfigurationDelegate][restartedMain][201]Finished Spring Data repository scanning in 114 ms. Found 9 JPA repository interfaces.
[2023-11-27 08:46:42.042][INFO ][org.springframework.boot.web.embedded.tomcat.TomcatWebServer][restartedMain][108]Tomcat initialized with port(s): 8080 (http)
[2023-11-27 08:46:42.042][INFO ][org.apache.juli.logging.DirectJDKLog][restartedMain][173]Initializing ProtocolHandler ["http-nio-8080"]
[2023-11-27 08:46:42.042][INFO ][org.apache.juli.logging.DirectJDKLog][restartedMain][173]Starting service [Tomcat]
[2023-11-27 08:46:42.042][INFO ][org.apache.juli.logging.DirectJDKLog][restartedMain][173]Starting Servlet engine: [Apache Tomcat/9.0.80]
[2023-11-27 08:46:42.042][INFO ][org.apache.juli.logging.DirectJDKLog][restartedMain][173]Initializing Spring embedded WebApplicationContext
[2023-11-27 08:46:42.042][INFO ][org.springframework.boot.web.servlet.context.ServletWebServerApplicationContext][restartedMain][292]Root WebApplicationContext: initialization completed in 2605 ms
[2023-11-27 08:46:42.042][INFO ][org.hibernate.jpa.internal.util.LogHelper][restartedMain][31]HHH000204: Processing PersistenceUnitInfo [name: default]
[2023-11-27 08:46:42.042][INFO ][org.hibernate.Version][restartedMain][44]HHH000412: Hibernate ORM core version 5.6.15.Final
[2023-11-27 08:46:42.042][INFO ][org.hibernate.annotations.common.reflection.java.JavaReflectionManager][restartedMain][56]HCANN000001: Hibernate Commons Annotations {5.1.2.Final}
[2023-11-27 08:46:43.043][INFO ][com.zaxxer.hikari.HikariDataSource][restartedMain][110]HikariPool-1 - Starting...
[2023-11-27 08:46:43.043][INFO ][com.zaxxer.hikari.HikariDataSource][restartedMain][123]HikariPool-1 - Start completed.
[2023-11-27 08:46:43.043][INFO ][org.hibernate.dialect.Dialect][restartedMain][175]HHH000400: Using dialect: org.hibernate.dialect.PostgreSQL10Dialect
[2023-11-27 08:46:47.047][INFO ][org.hibernate.engine.transaction.jta.platform.internal.JtaPlatformInitiator][restartedMain][52]HHH000490: Using JtaPlatform implementation: [org.hibernate.engine.transaction.jta.platform.internal.NoJtaPlatform]
[2023-11-27 08:46:47.047][INFO ][org.springframework.orm.jpa.AbstractEntityManagerFactoryBean][restartedMain][437]Initialized JPA EntityManagerFactory for persistence unit 'default'
[2023-11-27 08:46:48.048][WARN ][org.springframework.boot.autoconfigure.orm.jpa.JpaBaseConfiguration$JpaWebConfiguration][restartedMain][223]spring.jpa.open-in-view is enabled by default. Therefore, database queries may be performed during view rendering. Explicitly configure spring.jpa.open-in-view to disable this warning
[2023-11-27 08:46:48.048][WARN ][org.springframework.security.oauth2.provider.token.store.JwtAccessTokenConverter][restartedMain][306]Unable to create an RSA verifier from verifierKey (ignoreable if using MAC)
[2023-11-27 08:46:49.049][INFO ][org.springframework.security.web.DefaultSecurityFilterChain][restartedMain][55]Will secure Or [Ant [pattern='/oauth/token'], Ant [pattern='/oauth/token_key'], Ant [pattern='/oauth/check_token']] with [org.springframework.security.web.session.DisableEncodeUrlFilter@58aee86c, org.springframework.security.web.context.request.async.WebAsyncManagerIntegrationFilter@4b0d87ff, org.springframework.security.web.context.SecurityContextPersistenceFilter@679141f7, org.springframework.security.web.header.HeaderWriterFilter@47e3d747, org.springframework.security.web.authentication.logout.LogoutFilter@50c8f468, org.springframework.security.oauth2.provider.client.ClientCredentialsTokenEndpointFilter@bf7043f, org.springframework.security.web.authentication.www.BasicAuthenticationFilter@99d5b8f, org.springframework.security.web.savedrequest.RequestCacheAwareFilter@651cf7ff, org.springframework.security.web.servletapi.SecurityContextHolderAwareRequestFilter@5b6beccf, org.springframework.security.web.authentication.AnonymousAuthenticationFilter@5e55b72b, org.springframework.security.web.session.SessionManagementFilter@3aa8b954, org.springframework.security.web.access.ExceptionTranslationFilter@45b6489c, org.springframework.security.web.access.intercept.FilterSecurityInterceptor@18d13960]
[2023-11-27 08:46:50.050][INFO ][org.springframework.security.web.DefaultSecurityFilterChain][restartedMain][55]Will secure Ant [pattern='/**'] with [org.springframework.security.web.session.DisableEncodeUrlFilter@5ff03281, org.springframework.security.web.context.request.async.WebAsyncManagerIntegrationFilter@239c4d2d, org.springframework.security.web.context.SecurityContextPersistenceFilter@675858bb, org.springframework.security.web.header.HeaderWriterFilter@7876607d, org.springframework.web.filter.CorsFilter@240c3dba, org.springframework.security.web.authentication.logout.LogoutFilter@372bd21e, org.springframework.security.oauth2.provider.authentication.OAuth2AuthenticationProcessingFilter@5377b296, org.springframework.security.web.authentication.UsernamePasswordAuthenticationFilter@7dcf4b17, org.springframework.security.web.authentication.ui.DefaultLoginPageGeneratingFilter@75dc44aa, org.springframework.security.web.authentication.ui.DefaultLogoutPageGeneratingFilter@6abe061, org.springframework.security.web.savedrequest.RequestCacheAwareFilter@6150df1f, org.springframework.security.web.servletapi.SecurityContextHolderAwareRequestFilter@2aee2ec0, org.springframework.security.web.authentication.AnonymousAuthenticationFilter@5811be0f, org.springframework.security.web.session.SessionManagementFilter@3ebc3a25, org.springframework.security.web.access.ExceptionTranslationFilter@20a4c55a, org.springframework.security.web.access.intercept.FilterSecurityInterceptor@6ec30497]
[2023-11-27 08:46:50.050][INFO ][org.springframework.security.web.DefaultSecurityFilterChain][restartedMain][55]Will secure any request with [org.springframework.security.web.session.DisableEncodeUrlFilter@5d9772e4, org.springframework.security.web.context.request.async.WebAsyncManagerIntegrationFilter@17487b98, org.springframework.security.web.context.SecurityContextPersistenceFilter@1fc0b42e, org.springframework.security.web.header.HeaderWriterFilter@79cc77ce, org.springframework.security.web.csrf.CsrfFilter@5a90ba89, org.springframework.security.web.authentication.logout.LogoutFilter@51aa35c0, org.springframework.security.web.authentication.UsernamePasswordAuthenticationFilter@254df507, org.springframework.security.web.authentication.ui.DefaultLoginPageGeneratingFilter@109a409b, org.springframework.security.web.authentication.ui.DefaultLogoutPageGeneratingFilter@5de741bb, org.springframework.security.web.authentication.www.BasicAuthenticationFilter@36761aef, org.springframework.security.web.savedrequest.RequestCacheAwareFilter@12c93b3d, org.springframework.security.web.servletapi.SecurityContextHolderAwareRequestFilter@8a15cad, org.springframework.security.web.authentication.AnonymousAuthenticationFilter@5b40998a, org.springframework.security.web.session.SessionManagementFilter@26d7ce8c, org.springframework.security.web.access.ExceptionTranslationFilter@35070073, org.springframework.security.web.access.intercept.FilterSecurityInterceptor@14ebdfd9]
[2023-11-27 08:46:50.050][INFO ][org.springframework.boot.devtools.autoconfigure.OptionalLiveReloadServer][restartedMain][59]LiveReload server is running on port 35729
[2023-11-27 08:46:50.050][INFO ][org.apache.juli.logging.DirectJDKLog][restartedMain][173]Starting ProtocolHandler ["http-nio-8080"]
[2023-11-27 08:46:50.050][INFO ][org.springframework.boot.web.embedded.tomcat.TomcatWebServer][restartedMain][220]Tomcat started on port(s): 8080 (http) with context path ''
[2023-11-27 08:46:50.050][INFO ][org.springframework.boot.StartupInfoLogger][restartedMain][61]Started BinarfudV2Application in 11.976 seconds (JVM running for 13.659)
[2023-11-27 08:47:08.008][INFO ][org.springframework.orm.jpa.AbstractEntityManagerFactoryBean][SpringApplicationShutdownHook][651]Closing JPA EntityManagerFactory for persistence unit 'default'
[2023-11-27 08:47:08.008][INFO ][com.zaxxer.hikari.HikariDataSource][SpringApplicationShutdownHook][350]HikariPool-1 - Shutdown initiated...
[2023-11-27 08:47:08.008][INFO ][com.zaxxer.hikari.HikariDataSource][SpringApplicationShutdownHook][352]HikariPool-1 - Shutdown completed.
